# JRE version: Java(TM) SE Runtime Environment (10.0.2+13) (build 10.0.2+13)
# Java VM: Java HotSpot(TM) 64-Bit Server VM (10.0.2+13, mixed mode, tiered, compressed oops, g1 gc, linux-amd64)
Heap:
 garbage-first heap   total 458752K, used 10778K [0x0000000084800000, 0x0000000100000000)
  region size 1024K, 2 young (2048K), 2 survivors (2048K)
 Metaspace       used 18723K, capacity 19194K, committed 19456K, reserved 1067008K
  class space    used 1727K, capacity 1976K, committed 2048K, reserved 1048576K
GC Heap History (10 events):
Event: 457.924 GC heap after
{Heap after GC invocations=724 (full 0):
 garbage-first heap   total 220160K, used 10720K [0x0000000084800000, 0x0000000100000000)
  region size 1024K, 2 young (2048K), 2 survivors (2048K)
 Metaspace       used 18723K, capacity 19194K, committed 19456K, reserved 1067008K
  class space    used 1727K, capacity 1976K, committed 2048K, reserved 1048576K
}
Event: 458.179 GC heap before
{Heap before GC invocations=724 (full 0):
 garbage-first heap   total 220160K, used 140768K [0x0000000084800000, 0x0000000100000000)
  region size 1024K, 129 young (132096K), 2 survivors (2048K)
 Metaspace       used 18723K, capacity 19194K, committed 19456K, reserved 1067008K
  class space    used 1727K, capacity 1976K, committed 2048K, reserved 1048576K
}
Event: 458.182 GC heap after
{Heap after GC invocations=725 (full 0):
 garbage-first heap   total 220160K, used 10720K [0x0000000084800000, 0x0000000100000000)
  region size 1024K, 2 young (2048K), 2 survivors (2048K)
 Metaspace       used 18723K, capacity 19194K, committed 19456K, reserved 1067008K
  class space    used 1727K, capacity 1976K, committed 2048K, reserved 1048576K
}
Event: 458.459 GC heap before
{Heap before GC invocations=725 (full 0):
 garbage-first heap   total 220160K, used 140768K [0x0000000084800000, 0x0000000100000000)
  region size 1024K, 129 young (132096K), 2 survivors (2048K)
 Metaspace       used 18723K, capacity 19194K, committed 19456K, reserved 1067008K
  class space    used 1727K, capacity 1976K, committed 2048K, reserved 1048576K
}
Event: 458.462 GC heap after
{Heap after GC invocations=726 (full 0):
 garbage-first heap   total 220160K, used 10720K [0x0000000084800000, 0x0000000100000000)
  region size 1024K, 2 young (2048K), 2 survivors (2048K)
 Metaspace       used 18723K, capacity 19194K, committed 19456K, reserved 1067008K
  class space    used 1727K, capacity 1976K, committed 2048K, reserved 1048576K
}
Event: 458.727 GC heap before
{Heap before GC invocations=726 (full 0):
 garbage-first heap   total 220160K, used 140768K [0x0000000084800000, 0x0000000100000000)
  region size 1024K, 129 young (132096K), 2 survivors (2048K)
 Metaspace       used 18723K, capacity 19194K, committed 19456K, reserved 1067008K
  class space    used 1727K, capacity 1976K, committed 2048K, reserved 1048576K
}
Event: 458.729 GC heap after
{Heap after GC invocations=727 (full 0):
 garbage-first heap   total 220160K, used 10720K [0x0000000084800000, 0x0000000100000000)
  region size 1024K, 2 young (2048K), 2 survivors (2048K)
 Metaspace       used 18723K, capacity 19194K, committed 19456K, reserved 1067008K
  class space    used 1727K, capacity 1976K, committed 2048K, reserved 1048576K
}
Event: 458.984 GC heap before
{Heap before GC invocations=727 (full 0):
 garbage-first heap   total 220160K, used 140768K [0x0000000084800000, 0x0000000100000000)
  region size 1024K, 129 young (132096K), 2 survivors (2048K)
 Metaspace       used 18723K, capacity 19194K, committed 19456K, reserved 1067008K
  class space    used 1727K, capacity 1976K, committed 2048K, reserved 1048576K
}
Event: 458.987 GC heap after
{Heap after GC invocations=728 (full 0):
 garbage-first heap   total 220160K, used 10720K [0x0000000084800000, 0x0000000100000000)
  region size 1024K, 2 young (2048K), 2 survivors (2048K)
 Metaspace       used 18723K, capacity 19194K, committed 19456K, reserved 1067008K
  class space    used 1727K, capacity 1976K, committed 2048K, reserved 1048576K
}
Event: 459.255 GC heap before
{Heap before GC invocations=728 (full 0):
 garbage-first heap   total 220160K, used 140768K [0x0000000084800000, 0x0000000100000000)
  region size 1024K, 129 young (132096K), 2 survivors (2048K)
 Metaspace       used 18723K, capacity 19194K, committed 19456K, reserved 1067008K
  class space    used 1727K, capacity 1976K, committed 2048K, reserved 1048576K
}

