# JRE version: Java(TM) SE Runtime Environment (10.0.2+13) (build 10.0.2+13)
# Java VM: Java HotSpot(TM) 64-Bit Server VM (10.0.2+13, mixed mode, tiered, compressed oops, g1 gc, linux-amd64)
Heap:
 garbage-first heap   total 577536K, used 13586K [0x0000000084800000, 0x0000000100000000)
  region size 1024K, 3 young (3072K), 3 survivors (3072K)
 Metaspace       used 18925K, capacity 19410K, committed 19712K, reserved 1067008K
  class space    used 1738K, capacity 1979K, committed 2048K, reserved 1048576K
GC Heap History (10 events):
Event: 423.733 GC heap after
{Heap after GC invocations=791 (full 0):
 garbage-first heap   total 288768K, used 13386K [0x0000000084800000, 0x0000000100000000)
  region size 1024K, 2 young (2048K), 2 survivors (2048K)
 Metaspace       used 18925K, capacity 19410K, committed 19712K, reserved 1067008K
  class space    used 1738K, capacity 1979K, committed 2048K, reserved 1048576K
}
Event: 424.257 GC heap before
{Heap before GC invocations=791 (full 0):
 garbage-first heap   total 288768K, used 184394K [0x0000000084800000, 0x0000000100000000)
  region size 1024K, 169 young (173056K), 2 survivors (2048K)
 Metaspace       used 18925K, capacity 19410K, committed 19712K, reserved 1067008K
  class space    used 1738K, capacity 1979K, committed 2048K, reserved 1048576K
}
Event: 424.261 GC heap after
{Heap after GC invocations=792 (full 0):
 garbage-first heap   total 288768K, used 13483K [0x0000000084800000, 0x0000000100000000)
  region size 1024K, 3 young (3072K), 3 survivors (3072K)
 Metaspace       used 18925K, capacity 19410K, committed 19712K, reserved 1067008K
  class space    used 1738K, capacity 1979K, committed 2048K, reserved 1048576K
}
Event: 424.775 GC heap before
{Heap before GC invocations=792 (full 0):
 garbage-first heap   total 288768K, used 183467K [0x0000000084800000, 0x0000000100000000)
  region size 1024K, 169 young (173056K), 3 survivors (3072K)
 Metaspace       used 18925K, capacity 19410K, committed 19712K, reserved 1067008K
  class space    used 1738K, capacity 1979K, committed 2048K, reserved 1048576K
}
Event: 424.780 GC heap after
{Heap after GC invocations=793 (full 0):
 garbage-first heap   total 288768K, used 13386K [0x0000000084800000, 0x0000000100000000)
  region size 1024K, 2 young (2048K), 2 survivors (2048K)
 Metaspace       used 18925K, capacity 19410K, committed 19712K, reserved 1067008K
  class space    used 1738K, capacity 1979K, committed 2048K, reserved 1048576K
}
Event: 425.290 GC heap before
{Heap before GC invocations=793 (full 0):
 garbage-first heap   total 288768K, used 184394K [0x0000000084800000, 0x0000000100000000)
  region size 1024K, 169 young (173056K), 2 survivors (2048K)
 Metaspace       used 18925K, capacity 19410K, committed 19712K, reserved 1067008K
  class space    used 1738K, capacity 1979K, committed 2048K, reserved 1048576K
}
Event: 425.294 GC heap after
{Heap after GC invocations=794 (full 0):
 garbage-first heap   total 288768K, used 13386K [0x0000000084800000, 0x0000000100000000)
  region size 1024K, 2 young (2048K), 2 survivors (2048K)
 Metaspace       used 18925K, capacity 19410K, committed 19712K, reserved 1067008K
  class space    used 1738K, capacity 1979K, committed 2048K, reserved 1048576K
}
Event: 425.783 GC heap before
{Heap before GC invocations=794 (full 0):
 garbage-first heap   total 288768K, used 184394K [0x0000000084800000, 0x0000000100000000)
  region size 1024K, 169 young (173056K), 2 survivors (2048K)
 Metaspace       used 18925K, capacity 19410K, committed 19712K, reserved 1067008K
  class space    used 1738K, capacity 1979K, committed 2048K, reserved 1048576K
}
Event: 425.788 GC heap after
{Heap after GC invocations=795 (full 0):
 garbage-first heap   total 288768K, used 13574K [0x0000000084800000, 0x0000000100000000)
  region size 1024K, 3 young (3072K), 3 survivors (3072K)
 Metaspace       used 18925K, capacity 19410K, committed 19712K, reserved 1067008K
  class space    used 1738K, capacity 1979K, committed 2048K, reserved 1048576K
}
Event: 426.270 GC heap before
{Heap before GC invocations=795 (full 0):
 garbage-first heap   total 288768K, used 183558K [0x0000000084800000, 0x0000000100000000)
  region size 1024K, 169 young (173056K), 3 survivors (3072K)
 Metaspace       used 18925K, capacity 19410K, committed 19712K, reserved 1067008K
  class space    used 1738K, capacity 1979K, committed 2048K, reserved 1048576K
}

